----------------------------- Extract source_name ------------------------------
Resources: 0/1 (0.0%) | Time: 0.00s | Rate: 0.00/s
Memory usage: 83.40 MB (49.50%) | CPU usage: 0.00%

----------------------------- Extract source_name ------------------------------
Resources: 0/1 (0.0%) | Time: 1.33s | Rate: 0.00/s
pipe__name: 1  | Time: 0.00s | Rate: 167772.16/s
Memory usage: 136.60 MB (49.70%) | CPU usage: 0.00%

----------------------------- Extract source_name ------------------------------
Resources: 0/1 (0.0%) | Time: 2.34s | Rate: 0.00/s
pipe__name: 73  | Time: 1.01s | Rate: 72.51/s
Memory usage: 151.69 MB (49.80%) | CPU usage: 0.00%

----------------------------- Extract source_name ------------------------------
Resources: 0/1 (0.0%) | Time: 3.34s | Rate: 0.00/s
pipe__name: 164  | Time: 2.01s | Rate: 81.71/s
Memory usage: 175.75 MB (49.90%) | CPU usage: 0.00%

----------------------------- Extract source_name ------------------------------
Resources: 0/1 (0.0%) | Time: 4.34s | Rate: 0.00/s
pipe__name: 254  | Time: 3.01s | Rate: 84.41/s
Memory usage: 199.16 MB (50.00%) | CPU usage: 0.00%

----------------------------- Extract source_name ------------------------------
Resources: 0/1 (0.0%) | Time: 5.34s | Rate: 0.00/s
pipe__name: 343  | Time: 4.01s | Rate: 85.52/s
Memory usage: 221.91 MB (50.10%) | CPU usage: 0.00%

----------------------------- Extract source_name ------------------------------
Resources: 0/1 (0.0%) | Time: 6.34s | Rate: 0.00/s
pipe__name: 425  | Time: 5.01s | Rate: 84.81/s
Memory usage: 243.79 MB (50.20%) | CPU usage: 0.00%

----------------------------- Extract source_name ------------------------------
Resources: 0/1 (0.0%) | Time: 7.36s | Rate: 0.00/s
pipe__name: 507  | Time: 6.03s | Rate: 84.08/s
Memory usage: 265.22 MB (50.30%) | CPU usage: 0.00%

----------------------------- Extract source_name ------------------------------
Resources: 0/1 (0.0%) | Time: 8.37s | Rate: 0.00/s
pipe__name: 591  | Time: 7.04s | Rate: 83.97/s
Memory usage: 286.66 MB (50.30%) | CPU usage: 0.00%

----------------------------- Extract source_name ------------------------------
Resources: 0/1 (0.0%) | Time: 9.38s | Rate: 0.00/s
pipe__name: 666  | Time: 8.05s | Rate: 82.76/s
Memory usage: 305.47 MB (50.40%) | CPU usage: 0.00%

----------------------------- Extract source_name ------------------------------
Resources: 0/1 (0.0%) | Time: 10.38s | Rate: 0.00/s
pipe__name: 755  | Time: 9.05s | Rate: 83.39/s
Memory usage: 327.79 MB (50.50%) | CPU usage: 0.00%

----------------------------- Extract source_name ------------------------------
Resources: 0/1 (0.0%) | Time: 11.39s | Rate: 0.00/s
pipe__name: 820  | Time: 10.06s | Rate: 81.55/s
Memory usage: 344.41 MB (50.60%) | CPU usage: 0.00%

----------------------------- Extract source_name ------------------------------
Resources: 0/1 (0.0%) | Time: 12.39s | Rate: 0.00/s
pipe__name: 927  | Time: 11.06s | Rate: 83.82/s
Memory usage: 371.75 MB (50.70%) | CPU usage: 0.00%

----------------------------- Extract source_name ------------------------------
Resources: 0/1 (0.0%) | Time: 13.40s | Rate: 0.00/s
pipe__name: 1021  | Time: 12.07s | Rate: 84.58/s
Memory usage: 394.94 MB (50.80%) | CPU usage: 0.00%

----------------------------- Extract source_name ------------------------------
Resources: 0/1 (0.0%) | Time: 14.40s | Rate: 0.00/s
pipe__name: 1094  | Time: 13.07s | Rate: 83.68/s
Memory usage: 413.10 MB (50.90%) | CPU usage: 0.00%

----------------------------- Extract source_name ------------------------------
Resources: 0/1 (0.0%) | Time: 15.41s | Rate: 0.00/s
pipe__name: 1189  | Time: 14.08s | Rate: 84.46/s
Memory usage: 437.60 MB (50.90%) | CPU usage: 0.00%

----------------------------- Extract source_name ------------------------------
Resources: 0/1 (0.0%) | Time: 16.41s | Rate: 0.00/s
pipe__name: 1286  | Time: 15.08s | Rate: 85.28/s
Memory usage: 462.32 MB (51.00%) | CPU usage: 0.00%

----------------------------- Extract source_name ------------------------------
Resources: 0/1 (0.0%) | Time: 17.41s | Rate: 0.00/s
pipe__name: 1348  | Time: 16.08s | Rate: 83.81/s
Memory usage: 477.85 MB (51.10%) | CPU usage: 0.00%

----------------------------- Extract source_name ------------------------------
Resources: 0/1 (0.0%) | Time: 18.42s | Rate: 0.00/s
pipe__name: 1444  | Time: 17.09s | Rate: 84.52/s
Memory usage: 501.47 MB (51.20%) | CPU usage: 0.00%

----------------------------- Extract source_name ------------------------------
Resources: 0/1 (0.0%) | Time: 19.43s | Rate: 0.00/s
pipe__name: 1538  | Time: 18.10s | Rate: 84.98/s
Memory usage: 525.32 MB (51.30%) | CPU usage: 0.00%

----------------------------- Extract source_name ------------------------------
Resources: 0/1 (0.0%) | Time: 20.44s | Rate: 0.00/s
pipe__name: 1632  | Time: 19.11s | Rate: 85.42/s
Memory usage: 548.72 MB (51.40%) | CPU usage: 0.00%

----------------------------- Extract source_name ------------------------------
Resources: 0/1 (0.0%) | Time: 21.46s | Rate: 0.00/s
pipe__name: 1706  | Time: 20.13s | Rate: 84.75/s
Memory usage: 567.32 MB (51.50%) | CPU usage: 0.00%

----------------------------- Extract source_name ------------------------------
Resources: 0/1 (0.0%) | Time: 22.46s | Rate: 0.00/s
pipe__name: 1789  | Time: 21.13s | Rate: 84.65/s
Memory usage: 586.79 MB (51.60%) | CPU usage: 0.00%

----------------------------- Extract source_name ------------------------------
Resources: 0/1 (0.0%) | Time: 23.48s | Rate: 0.00/s
pipe__name: 1887  | Time: 22.15s | Rate: 85.21/s
Memory usage: 611.72 MB (51.70%) | CPU usage: 0.00%

----------------------------- Extract source_name ------------------------------
Resources: 0/1 (0.0%) | Time: 24.48s | Rate: 0.00/s
pipe__name: 1968  | Time: 23.15s | Rate: 85.00/s
Memory usage: 632.07 MB (51.80%) | CPU usage: 0.00%

----------------------------- Extract source_name ------------------------------
Resources: 0/1 (0.0%) | Time: 25.48s | Rate: 0.00/s
pipe__name: 2053  | Time: 24.15s | Rate: 84.99/s
Memory usage: 653.29 MB (51.90%) | CPU usage: 0.00%

----------------------------- Extract source_name ------------------------------
Resources: 0/1 (0.0%) | Time: 26.85s | Rate: 0.00/s
pipe__name: 2149  | Time: 25.52s | Rate: 84.19/s
Memory usage: 677.57 MB (52.00%) | CPU usage: 0.00%

----------------------------- Extract source_name ------------------------------
Resources: 0/1 (0.0%) | Time: 27.86s | Rate: 0.00/s
pipe__name: 2232  | Time: 26.53s | Rate: 84.14/s
Memory usage: 697.69 MB (52.10%) | CPU usage: 0.00%

----------------------------- Extract source_name ------------------------------
Resources: 0/1 (0.0%) | Time: 28.86s | Rate: 0.00/s
pipe__name: 2316  | Time: 27.53s | Rate: 84.11/s
Memory usage: 718.47 MB (52.20%) | CPU usage: 0.00%

----------------------------- Extract source_name ------------------------------
Resources: 0/1 (0.0%) | Time: 29.87s | Rate: 0.00/s
pipe__name: 2401  | Time: 28.54s | Rate: 84.13/s
Memory usage: 739.69 MB (52.30%) | CPU usage: 0.00%

----------------------------- Extract source_name ------------------------------
Resources: 0/1 (0.0%) | Time: 30.87s | Rate: 0.00/s
pipe__name: 2488  | Time: 29.54s | Rate: 84.23/s
Memory usage: 763.75 MB (52.40%) | CPU usage: 0.00%

----------------------------- Extract source_name ------------------------------
Resources: 0/1 (0.0%) | Time: 31.87s | Rate: 0.00/s
pipe__name: 2582  | Time: 30.54s | Rate: 84.54/s
Memory usage: 790.44 MB (52.50%) | CPU usage: 0.00%

----------------------------- Extract source_name ------------------------------
Resources: 0/1 (0.0%) | Time: 32.87s | Rate: 0.00/s
pipe__name: 2666  | Time: 31.54s | Rate: 84.52/s
Memory usage: 814.07 MB (52.60%) | CPU usage: 0.00%

----------------------------- Extract source_name ------------------------------
Resources: 0/1 (0.0%) | Time: 33.88s | Rate: 0.00/s
pipe__name: 2713  | Time: 32.55s | Rate: 83.35/s
Memory usage: 826.97 MB (52.60%) | CPU usage: 0.00%

----------------------------- Extract source_name ------------------------------
Resources: 0/1 (0.0%) | Time: 34.88s | Rate: 0.00/s
pipe__name: 2813  | Time: 33.55s | Rate: 83.83/s
Memory usage: 855.41 MB (52.70%) | CPU usage: 0.00%

----------------------------- Extract source_name ------------------------------
Resources: 0/1 (0.0%) | Time: 35.88s | Rate: 0.00/s
pipe__name: 2905  | Time: 34.55s | Rate: 84.07/s
Memory usage: 881.44 MB (52.90%) | CPU usage: 0.00%

----------------------------- Extract source_name ------------------------------
Resources: 0/1 (0.0%) | Time: 36.90s | Rate: 0.00/s
pipe__name: 2976  | Time: 35.57s | Rate: 83.66/s
Memory usage: 899.38 MB (52.90%) | CPU usage: 0.00%

----------------------------- Extract source_name ------------------------------
Resources: 0/1 (0.0%) | Time: 37.91s | Rate: 0.00/s
pipe__name: 3056  | Time: 36.58s | Rate: 83.54/s
Memory usage: 919.29 MB (53.00%) | CPU usage: 0.00%

----------------------------- Extract source_name ------------------------------
Resources: 0/1 (0.0%) | Time: 38.91s | Rate: 0.00/s
pipe__name: 3123  | Time: 37.58s | Rate: 83.10/s
Memory usage: 936.35 MB (53.10%) | CPU usage: 0.00%

----------------------------- Extract source_name ------------------------------
Resources: 0/1 (0.0%) | Time: 39.92s | Rate: 0.00/s
pipe__name: 3207  | Time: 38.59s | Rate: 83.11/s
Memory usage: 958.00 MB (53.10%) | CPU usage: 0.00%

----------------------------- Extract source_name ------------------------------
Resources: 0/1 (0.0%) | Time: 40.92s | Rate: 0.00/s
pipe__name: 3299  | Time: 39.59s | Rate: 83.33/s
Memory usage: 981.63 MB (53.20%) | CPU usage: 0.00%

----------------------------- Extract source_name ------------------------------
Resources: 0/1 (0.0%) | Time: 41.93s | Rate: 0.00/s
pipe__name: 3343  | Time: 40.60s | Rate: 82.34/s
Memory usage: 992.79 MB (53.20%) | CPU usage: 0.00%

----------------------------- Extract source_name ------------------------------
Resources: 0/1 (0.0%) | Time: 42.93s | Rate: 0.00/s
pipe__name: 3443  | Time: 41.60s | Rate: 82.75/s
Memory usage: 1015.97 MB (53.20%) | CPU usage: 0.00%

----------------------------- Extract source_name ------------------------------
Resources: 0/1 (0.0%) | Time: 43.94s | Rate: 0.00/s
pipe__name: 3514  | Time: 42.61s | Rate: 82.47/s
Memory usage: 1033.91 MB (53.30%) | CPU usage: 0.00%

----------------------------- Extract source_name ------------------------------
Resources: 0/1 (0.0%) | Time: 44.95s | Rate: 0.00/s
pipe__name: 3601  | Time: 43.62s | Rate: 82.55/s
Memory usage: 1055.57 MB (53.30%) | CPU usage: 0.00%

----------------------------- Extract source_name ------------------------------
Resources: 0/1 (0.0%) | Time: 45.95s | Rate: 0.00/s
pipe__name: 3689  | Time: 44.62s | Rate: 82.67/s
Memory usage: 1077.66 MB (53.40%) | CPU usage: 0.00%

----------------------------- Extract source_name ------------------------------
Resources: 0/1 (0.0%) | Time: 46.96s | Rate: 0.00/s
pipe__name: 3780  | Time: 45.63s | Rate: 82.84/s
Memory usage: 1100.19 MB (53.50%) | CPU usage: 0.00%

----------------------------- Extract source_name ------------------------------
Resources: 0/1 (0.0%) | Time: 47.97s | Rate: 0.00/s
pipe__name: 3858  | Time: 46.64s | Rate: 82.72/s
Memory usage: 1119.44 MB (53.50%) | CPU usage: 0.00%

----------------------------- Extract source_name ------------------------------
Resources: 0/1 (0.0%) | Time: 48.98s | Rate: 0.00/s
pipe__name: 3963  | Time: 47.65s | Rate: 83.17/s
Memory usage: 1146.79 MB (53.60%) | CPU usage: 0.00%

----------------------------- Extract source_name ------------------------------
Resources: 0/1 (0.0%) | Time: 49.98s | Rate: 0.00/s
pipe__name: 4068  | Time: 48.65s | Rate: 83.61/s
Memory usage: 1175.44 MB (53.70%) | CPU usage: 0.00%

----------------------------- Extract source_name ------------------------------
Resources: 0/1 (0.0%) | Time: 51.70s | Rate: 0.00/s
pipe__name: 4152  | Time: 50.37s | Rate: 82.43/s
Memory usage: 1197.97 MB (53.80%) | CPU usage: 0.00%

----------------------------- Extract source_name ------------------------------
Resources: 0/1 (0.0%) | Time: 52.72s | Rate: 0.00/s
pipe__name: 4237  | Time: 51.39s | Rate: 82.45/s
Memory usage: 1218.54 MB (53.90%) | CPU usage: 0.00%

----------------------------- Extract source_name ------------------------------
Resources: 0/1 (0.0%) | Time: 53.72s | Rate: 0.00/s
pipe__name: 4349  | Time: 52.39s | Rate: 83.01/s
Memory usage: 1247.85 MB (53.90%) | CPU usage: 0.00%

----------------------------- Extract source_name ------------------------------
Resources: 0/1 (0.0%) | Time: 54.73s | Rate: 0.00/s
pipe__name: 4452  | Time: 53.40s | Rate: 83.38/s
Memory usage: 1275.19 MB (54.00%) | CPU usage: 0.00%

----------------------------- Extract source_name ------------------------------
Resources: 0/1 (0.0%) | Time: 55.73s | Rate: 0.00/s
pipe__name: 4568  | Time: 54.40s | Rate: 83.98/s
Memory usage: 1304.72 MB (54.10%) | CPU usage: 0.00%

----------------------------- Extract source_name ------------------------------
Resources: 0/1 (0.0%) | Time: 56.73s | Rate: 0.00/s
pipe__name: 4665  | Time: 55.40s | Rate: 84.20/s
Memory usage: 1329.22 MB (54.20%) | CPU usage: 0.00%

----------------------------- Extract source_name ------------------------------
Resources: 0/1 (0.0%) | Time: 57.73s | Rate: 0.00/s
pipe__name: 4779  | Time: 56.40s | Rate: 84.73/s
Memory usage: 1358.10 MB (54.30%) | CPU usage: 0.00%

----------------------------- Extract source_name ------------------------------
Resources: 0/1 (0.0%) | Time: 58.74s | Rate: 0.00/s
pipe__name: 4862  | Time: 57.41s | Rate: 84.69/s
Memory usage: 1378.66 MB (54.30%) | CPU usage: 0.00%

----------------------------- Extract source_name ------------------------------
Resources: 0/1 (0.0%) | Time: 59.74s | Rate: 0.00/s
pipe__name: 4950  | Time: 58.41s | Rate: 84.74/s
Memory usage: 1400.97 MB (54.40%) | CPU usage: 0.00%

----------------------------- Extract source_name ------------------------------
Resources: 0/1 (0.0%) | Time: 61.05s | Rate: 0.00/s
pipe__name: 5000  | Time: 59.72s | Rate: 83.72/s
Memory usage: 1417.81 MB (54.60%) | CPU usage: 0.00%

----------------------------- Extract source_name ------------------------------
Resources: 0/1 (0.0%) | Time: 62.05s | Rate: 0.00/s
pipe__name: 5093  | Time: 60.72s | Rate: 83.87/s
Memory usage: 1424.38 MB (54.90%) | CPU usage: 0.00%

----------------------------- Extract source_name ------------------------------
Resources: 0/1 (0.0%) | Time: 63.51s | Rate: 0.00/s
pipe__name: 5139  | Time: 62.18s | Rate: 82.65/s
Memory usage: 1430.06 MB (54.80%) | CPU usage: 0.00%

----------------------------- Extract source_name ------------------------------
Resources: 0/1 (0.0%) | Time: 64.51s | Rate: 0.00/s
pipe__name: 5225  | Time: 63.18s | Rate: 82.70/s
Memory usage: 1441.00 MB (54.60%) | CPU usage: 0.00%

----------------------------- Extract source_name ------------------------------
Resources: 0/1 (0.0%) | Time: 65.52s | Rate: 0.00/s
pipe__name: 5302  | Time: 64.19s | Rate: 82.60/s
Memory usage: 1450.84 MB (54.60%) | CPU usage: 0.00%

----------------------------- Extract source_name ------------------------------
Resources: 0/1 (0.0%) | Time: 66.52s | Rate: 0.00/s
pipe__name: 5383  | Time: 65.19s | Rate: 82.57/s
Memory usage: 1461.12 MB (54.70%) | CPU usage: 0.00%

----------------------------- Extract source_name ------------------------------
Resources: 0/1 (0.0%) | Time: 67.53s | Rate: 0.00/s
pipe__name: 5489  | Time: 66.20s | Rate: 82.91/s
Memory usage: 1474.91 MB (54.70%) | CPU usage: 0.00%

----------------------------- Extract source_name ------------------------------
Resources: 0/1 (0.0%) | Time: 68.54s | Rate: 0.00/s
pipe__name: 5568  | Time: 67.21s | Rate: 82.85/s
Memory usage: 1484.97 MB (54.70%) | CPU usage: 0.00%

----------------------------- Extract source_name ------------------------------
Resources: 0/1 (0.0%) | Time: 69.55s | Rate: 0.00/s
pipe__name: 5654  | Time: 68.22s | Rate: 82.88/s
Memory usage: 1495.69 MB (54.70%) | CPU usage: 0.00%

----------------------------- Extract source_name ------------------------------
Resources: 0/1 (0.0%) | Time: 70.56s | Rate: 0.00/s
pipe__name: 5748  | Time: 69.23s | Rate: 83.03/s
Memory usage: 1507.72 MB (54.80%) | CPU usage: 0.00%

----------------------------- Extract source_name ------------------------------
Resources: 0/1 (0.0%) | Time: 71.56s | Rate: 0.00/s
pipe__name: 5830  | Time: 70.23s | Rate: 83.01/s
Memory usage: 1520.41 MB (54.90%) | CPU usage: 0.00%

----------------------------- Extract source_name ------------------------------
Resources: 0/1 (0.0%) | Time: 72.57s | Rate: 0.00/s
pipe__name: 5928  | Time: 71.24s | Rate: 83.21/s
Memory usage: 1535.28 MB (55.00%) | CPU usage: 0.00%

----------------------------- Extract source_name ------------------------------
Resources: 1/1 (100.0%) | Time: 73.04s | Rate: 0.01/s
pipe__name: 5950  | Time: 71.71s | Rate: 82.97/s
Memory usage: 1542.18 MB (55.00%) | CPU usage: 0.00%

----------------------------- Extract source_name ------------------------------
Resources: 0/1 (0.0%) | Time: 0.00s | Rate: 0.00/s
Memory usage: 1542.18 MB (55.00%) | CPU usage: 0.00%

----------------------------- Extract source_name ------------------------------
Resources: 0/1 (0.0%) | Time: 0.00s | Rate: 0.00/s
_dlt_pipeline_state: 1  | Time: 0.00s | Rate: 419430.40/s
Memory usage: 1542.18 MB (55.00%) | CPU usage: 0.00%

----------------------------- Extract source_name ------------------------------
Resources: 1/1 (100.0%) | Time: 0.01s | Rate: 74.17/s
_dlt_pipeline_state: 1  | Time: 0.01s | Rate: 87.71/s
Memory usage: 1542.18 MB (55.00%) | CPU usage: 0.00%

------------------ Normalize source_name in 1746800235.971726 ------------------
Files: 0/2 (0.0%) | Time: 0.00s | Rate: 0.00/s
Memory usage: 1542.18 MB (55.00%) | CPU usage: 0.00%

------------------ Normalize source_name in 1746800235.971726 ------------------
Files: 0/2 (0.0%) | Time: 0.00s | Rate: 0.00/s
Items: 0  | Time: 0.00s | Rate: 0.00/s
Memory usage: 1542.18 MB (55.00%) | CPU usage: 0.00%

------------------ Normalize source_name in 1746800235.971726 ------------------
Files: 16/2 (800.0%) | Time: 9.84s | Rate: 1.63/s
Items: 0  | Time: 9.84s | Rate: 0.00/s
Memory usage: 1687.79 MB (55.40%) | CPU usage: 0.00%

------------------ Normalize source_name in 1746800235.971726 ------------------
Files: 16/2 (800.0%) | Time: 9.84s | Rate: 1.63/s
Items: 279150  | Time: 9.84s | Rate: 28359.28/s
Memory usage: 1687.79 MB (55.40%) | CPU usage: 0.00%

-------------------- Load source_name in 1746800235.971726 ---------------------
Jobs: 0/16 (0.0%) | Time: 0.00s | Rate: 0.00/s
Memory usage: 1687.79 MB (55.40%) | CPU usage: 0.00%

-------------------- Load source_name in 1746800235.971726 ---------------------
Jobs: 14/16 (87.5%) | Time: 1.35s | Rate: 10.41/s
Memory usage: 1945.27 MB (56.90%) | CPU usage: 0.00%

-------------------- Load source_name in 1746800235.971726 ---------------------
Jobs: 16/16 (100.0%) | Time: 1.77s | Rate: 9.02/s
Memory usage: 1849.63 MB (55.40%) | CPU usage: 0.00%

